0 info it worked if it ends with ok
1 verbose cli [ '/usr/local/bin/node', '/usr/local/bin/npm', 'run', 'test' ]
2 info using npm@3.8.6
3 info using node@v6.1.0
4 verbose run-script [ 'pretest', 'test', 'posttest' ]
5 info lifecycle aries-data@1.0.0~pretest: aries-data@1.0.0
6 silly lifecycle aries-data@1.0.0~pretest: no script for pretest, continuing
7 info lifecycle aries-data@1.0.0~test: aries-data@1.0.0
8 verbose lifecycle aries-data@1.0.0~test: unsafe-perm in lifecycle true
9 verbose lifecycle aries-data@1.0.0~test: PATH: /usr/local/lib/node_modules/npm/bin/node-gyp-bin:/home/schnie/repos/aries-data/node_modules/.bin:/usr/local/bin:/usr/local/sbin:/usr/local/bin:/usr/sbin:/usr/bin:/sbin:/bin:/usr/games:/usr/local/games:/usr/lib/jvm/java-8-oracle/bin:/usr/lib/jvm/java-8-oracle/db/bin:/usr/lib/jvm/java-8-oracle/jre/bin:/home/schnie/repos/di-cli/bin:/home/schnie/dev/android-sdk/tools:/home/schnie/dev/android-sdk/platform-tools:/home/schnie/dev/mongodb-linux-x86_64-2.6.7/bin:/usr/lib/jvm/java-8-oracle/bin:/usr/lib/jvm/java-8-oracle/db/bin:/usr/lib/jvm/java-8-oracle/jre/bin:/home/schnie/repos/di-cli/bin:/home/schnie/dev/android-sdk/tools:/home/schnie/dev/android-sdk/platform-tools:/home/schnie/dev/mongodb-linux-x86_64-2.6.7/bin:/home/schnie/repos/di-cli/bin:/home/schnie/dev/android-sdk/tools:/home/schnie/dev/android-sdk/platform-tools:/home/schnie/dev/mongodb-linux-x86_64-2.6.7/bin:/home/schnie/dev/hadoop-2.7.1/bin:/home/schnie/dev/hadoop-2.7.1/sbin:/usr/local/share/scala/bin:/home/schnie/dev/dcos/bin:/home/schnie/.local/bin
10 verbose lifecycle aries-data@1.0.0~test: CWD: /home/schnie/repos/aries-data
11 silly lifecycle aries-data@1.0.0~test: Args: [ '-c', 'babel-node test/test.js | faucet' ]
12 silly lifecycle aries-data@1.0.0~test: Returned: code: 1  signal: null
13 info lifecycle aries-data@1.0.0~test: Failed to exec test script
14 verbose stack Error: aries-data@1.0.0 test: `babel-node test/test.js | faucet`
14 verbose stack Exit status 1
14 verbose stack     at EventEmitter.<anonymous> (/usr/local/lib/node_modules/npm/lib/utils/lifecycle.js:239:16)
14 verbose stack     at emitTwo (events.js:106:13)
14 verbose stack     at EventEmitter.emit (events.js:191:7)
14 verbose stack     at ChildProcess.<anonymous> (/usr/local/lib/node_modules/npm/lib/utils/spawn.js:24:14)
14 verbose stack     at emitTwo (events.js:106:13)
14 verbose stack     at ChildProcess.emit (events.js:191:7)
14 verbose stack     at maybeClose (internal/child_process.js:850:16)
14 verbose stack     at Process.ChildProcess._handle.onexit (internal/child_process.js:215:5)
15 verbose pkgid aries-data@1.0.0
16 verbose cwd /home/schnie/repos/aries-data
17 error Linux 4.4.0-22-generic
18 error argv "/usr/local/bin/node" "/usr/local/bin/npm" "run" "test"
19 error node v6.1.0
20 error npm  v3.8.6
21 error code ELIFECYCLE
22 error aries-data@1.0.0 test: `babel-node test/test.js | faucet`
22 error Exit status 1
23 error Failed at the aries-data@1.0.0 test script 'babel-node test/test.js | faucet'.
23 error Make sure you have the latest version of node.js and npm installed.
23 error If you do, this is most likely a problem with the aries-data package,
23 error not with npm itself.
23 error Tell the author that this fails on your system:
23 error     babel-node test/test.js | faucet
23 error You can get information on how to open an issue for this project with:
23 error     npm bugs aries-data
23 error Or if that isn't available, you can get their info via:
23 error     npm owner ls aries-data
23 error There is likely additional logging output above.
24 verbose exit [ 1, true ]
